<?xml version="1.0" encoding="UTF-8"?>
<testsuite xmlns:xsi="http://www.w3.org/2001/XMLSchema-instance" xsi:noNamespaceSchemaLocation="https://maven.apache.org/surefire/maven-surefire-plugin/xsd/surefire-test-report-3.0.xsd" version="3.0" name="com.example.backend.TransferenciaConcorrenteTest" time="3.479" tests="2" errors="0" skipped="0" failures="0">
  <properties>
[...]
</properties>
  <testcase name="deveManterConsistenciaSobConcorrencia" classname="com.example.backend.TransferenciaConcorrenteTest" time="0.347">
    <system-out><![CDATA[2026-03-05T08:46:17.831-03:00  INFO 16308 --- [           main] t.c.s.AnnotationConfigContextLoaderUtils : Could not detect default configuration classes for test class [com.example.backend.TransferenciaConcorrenteTest]: TransferenciaConcorrenteTest does not declare any static, non-private, non-final, nested classes annotated with @Configuration.
2026-03-05T08:46:17.833-03:00  INFO 16308 --- [           main] .b.t.c.SpringBootTestContextBootstrapper : Found @SpringBootConfiguration com.example.backend.BackendApplication for test class com.example.backend.TransferenciaConcorrenteTest

  .   ____          _            __ _ _
 /\\ / ___'_ __ _ _(_)_ __  __ _ \ \ \ \
( ( )\___ | '_ | '_| | '_ \/ _` | \ \ \ \
 \\/  ___)| |_)| | | | | || (_| |  ) ) ) )
  '  |____| .__|_| |_|_| |_\__, | / / / /
 =========|_|==============|___/=/_/_/_/

 :: Spring Boot ::               (v3.5.11)

2026-03-05T08:46:17.884-03:00  INFO 16308 --- [           main] c.e.b.TransferenciaConcorrenteTest       : Starting TransferenciaConcorrenteTest using Java 23.0.2 with PID 16308 (started by dsydow in C:\Users\dsydow\OneDrive\Documents\projetoteste\bip-teste-integrado\backend-module)
2026-03-05T08:46:17.884-03:00  INFO 16308 --- [           main] c.e.b.TransferenciaConcorrenteTest       : The following 1 profile is active: "test"
2026-03-05T08:46:18.388-03:00  INFO 16308 --- [           main] .s.d.r.c.RepositoryConfigurationDelegate : Bootstrapping Spring Data JPA repositories in DEFAULT mode.
2026-03-05T08:46:18.411-03:00  INFO 16308 --- [           main] .s.d.r.c.RepositoryConfigurationDelegate : Finished Spring Data repository scanning in 8 ms. Found 0 JPA repository interfaces.
2026-03-05T08:46:18.664-03:00  INFO 16308 --- [           main] com.zaxxer.hikari.HikariDataSource       : HikariPool-1 - Starting...
2026-03-05T08:46:18.919-03:00  INFO 16308 --- [           main] com.zaxxer.hikari.pool.HikariPool        : HikariPool-1 - Added connection conn0: url=jdbc:h2:mem:bipdb user=SA
2026-03-05T08:46:18.922-03:00  INFO 16308 --- [           main] com.zaxxer.hikari.HikariDataSource       : HikariPool-1 - Start completed.
2026-03-05T08:46:19.067-03:00  INFO 16308 --- [           main] o.hibernate.jpa.internal.util.LogHelper  : HHH000204: Processing PersistenceUnitInfo [name: default]
2026-03-05T08:46:19.153-03:00  INFO 16308 --- [           main] org.hibernate.Version                    : HHH000412: Hibernate ORM core version 6.6.42.Final
2026-03-05T08:46:19.208-03:00  INFO 16308 --- [           main] o.h.c.internal.RegionFactoryInitiator    : HHH000026: Second-level cache disabled
2026-03-05T08:46:19.373-03:00  INFO 16308 --- [           main] o.s.o.j.p.SpringPersistenceUnitInfo      : No LoadTimeWeaver setup: ignoring JPA class transformer
2026-03-05T08:46:19.489-03:00  INFO 16308 --- [           main] org.hibernate.orm.connections.pooling    : HHH10001005: Database info:
	Database JDBC URL [Connecting through datasource 'HikariDataSource (HikariPool-1)']
	Database driver: undefined/unknown
	Database version: 2.3.232
	Autocommit mode: undefined/unknown
	Isolation level: undefined/unknown
	Minimum pool size: undefined/unknown
	Maximum pool size: undefined/unknown
2026-03-05T08:46:20.326-03:00  INFO 16308 --- [           main] o.h.e.t.j.p.i.JtaPlatformInitiator       : HHH000489: No JTA platform available (set 'hibernate.transaction.jta.platform' to enable JTA platform integration)
2026-03-05T08:46:20.329-03:00  INFO 16308 --- [           main] j.LocalContainerEntityManagerFactoryBean : Initialized JPA EntityManagerFactory for persistence unit 'default'
2026-03-05T08:46:20.613-03:00  WARN 16308 --- [           main] JpaBaseConfiguration$JpaWebConfiguration : spring.jpa.open-in-view is enabled by default. Therefore, database queries may be performed during view rendering. Explicitly configure spring.jpa.open-in-view to disable this warning
2026-03-05T08:46:20.838-03:00  INFO 16308 --- [           main] o.s.b.a.h2.H2ConsoleAutoConfiguration    : H2 console available at '/h2-console'. Database available at 'jdbc:h2:mem:bipdb'
2026-03-05T08:46:20.911-03:00  INFO 16308 --- [           main] c.e.b.TransferenciaConcorrenteTest       : Started TransferenciaConcorrenteTest in 3.065 seconds (process running for 8.6)
2026-03-05T08:46:20.969-03:00 DEBUG 16308 --- [           main] o.h.e.t.internal.TransactionImpl         : On TransactionImpl creation, JpaCompliance#isJpaTransactionComplianceEnabled == false
2026-03-05T08:46:20.969-03:00 DEBUG 16308 --- [           main] o.h.e.t.internal.TransactionImpl         : begin
Hibernate: 
    insert 
    into
        beneficio
        (ativo, descricao, nome, valor, version, id) 
    values
        (?, ?, ?, ?, ?, default)
2026-03-05T08:46:21.052-03:00 DEBUG 16308 --- [           main] o.h.e.t.internal.TransactionImpl         : committing
2026-03-05T08:46:21.060-03:00 DEBUG 16308 --- [           main] o.h.e.t.internal.TransactionImpl         : On TransactionImpl creation, JpaCompliance#isJpaTransactionComplianceEnabled == false
2026-03-05T08:46:21.062-03:00 DEBUG 16308 --- [           main] o.h.e.t.internal.TransactionImpl         : begin
Hibernate: 
    insert 
    into
        beneficio
        (ativo, descricao, nome, valor, version, id) 
    values
        (?, ?, ?, ?, ?, default)
2026-03-05T08:46:21.063-03:00 DEBUG 16308 --- [           main] o.h.e.t.internal.TransactionImpl         : committing
2026-03-05T08:46:21.066-03:00 DEBUG 16308 --- [ool-3-thread-10] o.h.e.t.internal.TransactionImpl         : On TransactionImpl creation, JpaCompliance#isJpaTransactionComplianceEnabled == false
2026-03-05T08:46:21.066-03:00 DEBUG 16308 --- [pool-3-thread-1] o.h.e.t.internal.TransactionImpl         : On TransactionImpl creation, JpaCompliance#isJpaTransactionComplianceEnabled == false
2026-03-05T08:46:21.066-03:00 DEBUG 16308 --- [pool-3-thread-9] o.h.e.t.internal.TransactionImpl         : On TransactionImpl creation, JpaCompliance#isJpaTransactionComplianceEnabled == false
2026-03-05T08:46:21.066-03:00 DEBUG 16308 --- [pool-3-thread-3] o.h.e.t.internal.TransactionImpl         : On TransactionImpl creation, JpaCompliance#isJpaTransactionComplianceEnabled == false
2026-03-05T08:46:21.066-03:00 DEBUG 16308 --- [pool-3-thread-1] o.h.e.t.internal.TransactionImpl         : begin
2026-03-05T08:46:21.066-03:00 DEBUG 16308 --- [pool-3-thread-6] o.h.e.t.internal.TransactionImpl         : On TransactionImpl creation, JpaCompliance#isJpaTransactionComplianceEnabled == false
2026-03-05T08:46:21.066-03:00 DEBUG 16308 --- [pool-3-thread-7] o.h.e.t.internal.TransactionImpl         : On TransactionImpl creation, JpaCompliance#isJpaTransactionComplianceEnabled == false
2026-03-05T08:46:21.066-03:00 DEBUG 16308 --- [pool-3-thread-3] o.h.e.t.internal.TransactionImpl         : begin
2026-03-05T08:46:21.066-03:00 DEBUG 16308 --- [pool-3-thread-2] o.h.e.t.internal.TransactionImpl         : On TransactionImpl creation, JpaCompliance#isJpaTransactionComplianceEnabled == false
2026-03-05T08:46:21.066-03:00 DEBUG 16308 --- [pool-3-thread-5] o.h.e.t.internal.TransactionImpl         : On TransactionImpl creation, JpaCompliance#isJpaTransactionComplianceEnabled == false
2026-03-05T08:46:21.066-03:00 DEBUG 16308 --- [pool-3-thread-4] o.h.e.t.internal.TransactionImpl         : On TransactionImpl creation, JpaCompliance#isJpaTransactionComplianceEnabled == false
2026-03-05T08:46:21.066-03:00 DEBUG 16308 --- [pool-3-thread-2] o.h.e.t.internal.TransactionImpl         : begin
2026-03-05T08:46:21.066-03:00 DEBUG 16308 --- [ool-3-thread-10] o.h.e.t.internal.TransactionImpl         : begin
2026-03-05T08:46:21.066-03:00 DEBUG 16308 --- [pool-3-thread-4] o.h.e.t.internal.TransactionImpl         : begin
2026-03-05T08:46:21.066-03:00 DEBUG 16308 --- [pool-3-thread-9] o.h.e.t.internal.TransactionImpl         : begin
2026-03-05T08:46:21.066-03:00 DEBUG 16308 --- [pool-3-thread-8] o.h.e.t.internal.TransactionImpl         : On TransactionImpl creation, JpaCompliance#isJpaTransactionComplianceEnabled == false
2026-03-05T08:46:21.066-03:00 DEBUG 16308 --- [pool-3-thread-6] o.h.e.t.internal.TransactionImpl         : begin
2026-03-05T08:46:21.066-03:00 DEBUG 16308 --- [pool-3-thread-7] o.h.e.t.internal.TransactionImpl         : begin
2026-03-05T08:46:21.066-03:00 DEBUG 16308 --- [pool-3-thread-5] o.h.e.t.internal.TransactionImpl         : begin
2026-03-05T08:46:21.067-03:00 DEBUG 16308 --- [pool-3-thread-8] o.h.e.t.internal.TransactionImpl         : begin
Hibernate: 
    select
        b1_0.id,
        b1_0.ativo,
        b1_0.descricao,
        b1_0.nome,
        b1_0.valor,
        b1_0.version 
    from
        beneficio b1_0 
    where
        b1_0.id=? for update
Hibernate: 
    select
        b1_0.id,
        b1_0.ativo,
        b1_0.descricao,
        b1_0.nome,
        b1_0.valor,
        b1_0.version 
    from
        beneficio b1_0 
    where
        b1_0.id=? for update
Hibernate: 
    select
        b1_0.id,
        b1_0.ativo,
        b1_0.descricao,
        b1_0.nome,
        b1_0.valor,
        b1_0.version 
    from
        beneficio b1_0 
    where
        b1_0.id=? for update
Hibernate: 
    select
        b1_0.id,
        b1_0.ativo,
        b1_0.descricao,
        b1_0.nome,
        b1_0.valor,
        b1_0.version 
    from
        beneficio b1_0 
    where
        b1_0.id=? for update
Hibernate: 
    select
        b1_0.id,
        b1_0.ativo,
        b1_0.descricao,
        b1_0.nome,
        b1_0.valor,
        b1_0.version 
    from
        beneficio b1_0 
    where
        b1_0.id=? for update
Hibernate: 
    select
        b1_0.id,
        b1_0.ativo,
        b1_0.descricao,
        b1_0.nome,
        b1_0.valor,
        b1_0.version 
    from
        beneficio b1_0 
    where
        b1_0.id=? for update
Hibernate: 
    select
        b1_0.id,
        b1_0.ativo,
        b1_0.descricao,
        b1_0.nome,
        b1_0.valor,
        b1_0.version 
    from
        beneficio b1_0 
    where
        b1_0.id=? for update
Hibernate: 
    select
        b1_0.id,
        b1_0.ativo,
        b1_0.descricao,
        b1_0.nome,
        b1_0.valor,
        b1_0.version 
    from
        beneficio b1_0 
    where
        b1_0.id=? for update
Hibernate: 
    select
        b1_0.id,
        b1_0.ativo,
        b1_0.descricao,
        b1_0.nome,
        b1_0.valor,
        b1_0.version 
    from
        beneficio b1_0 
    where
        b1_0.id=? for update
Hibernate: 
    select
        b1_0.id,
        b1_0.ativo,
        b1_0.descricao,
        b1_0.nome,
        b1_0.valor,
        b1_0.version 
    from
        beneficio b1_0 
    where
        b1_0.id=? for update
Hibernate: 
    select
        b1_0.id,
        b1_0.ativo,
        b1_0.descricao,
        b1_0.nome,
        b1_0.valor,
        b1_0.version 
    from
        beneficio b1_0 
    where
        b1_0.id=? for update
[TRANSFER_SUCCESS] De: 3 (novo saldo: 900.00) | Para: 4 (novo saldo: 1100.00) | Valor: 100.00
[TRANSFER_SUCCESS] De: 3 | Para: 4 | Valor: 100.00
2026-03-05T08:46:21.128-03:00 DEBUG 16308 --- [pool-3-thread-1] o.h.e.t.internal.TransactionImpl         : committing
Hibernate: 
    update
        beneficio 
    set
        ativo=?,
        descricao=?,
        nome=?,
        valor=?,
        version=? 
    where
        id=? 
        and version=?
Hibernate: 
    update
        beneficio 
    set
        ativo=?,
        descricao=?,
        nome=?,
        valor=?,
        version=? 
    where
        id=? 
        and version=?
Hibernate: 
    select
        b1_0.id,
        b1_0.ativo,
        b1_0.descricao,
        b1_0.nome,
        b1_0.valor,
        b1_0.version 
    from
        beneficio b1_0 
    where
        b1_0.id=? for update
[TRANSFER_SUCCESS] De: 3 (novo saldo: 800.00) | Para: 4 (novo saldo: 1200.00) | Valor: 100.00
[TRANSFER_SUCCESS] De: 3 | Para: 4 | Valor: 100.00
2026-03-05T08:46:21.146-03:00 DEBUG 16308 --- [pool-3-thread-5] o.h.e.t.internal.TransactionImpl         : committing
Hibernate: 
    update
        beneficio 
    set
        ativo=?,
        descricao=?,
        nome=?,
        valor=?,
        version=? 
    where
        id=? 
        and version=?
Hibernate: 
    update
        beneficio 
    set
        ativo=?,
        descricao=?,
        nome=?,
        valor=?,
        version=? 
    where
        id=? 
        and version=?
Hibernate: 
    select
        b1_0.id,
        b1_0.ativo,
        b1_0.descricao,
        b1_0.nome,
        b1_0.valor,
        b1_0.version 
    from
        beneficio b1_0 
    where
        b1_0.id=? for update
[TRANSFER_SUCCESS] De: 3 (novo saldo: 700.00) | Para: 4 (novo saldo: 1300.00) | Valor: 100.00
[TRANSFER_SUCCESS] De: 3 | Para: 4 | Valor: 100.00
2026-03-05T08:46:21.151-03:00 DEBUG 16308 --- [pool-3-thread-9] o.h.e.t.internal.TransactionImpl         : committing
Hibernate: 
    update
        beneficio 
    set
        ativo=?,
        descricao=?,
        nome=?,
        valor=?,
        version=? 
    where
        id=? 
        and version=?
Hibernate: 
    update
        beneficio 
    set
        ativo=?,
        descricao=?,
        nome=?,
        valor=?,
        version=? 
    where
        id=? 
        and version=?
Hibernate: 
    select
        b1_0.id,
        b1_0.ativo,
        b1_0.descricao,
        b1_0.nome,
        b1_0.valor,
        b1_0.version 
    from
        beneficio b1_0 
    where
        b1_0.id=? for update
[TRANSFER_SUCCESS] De: 3 (novo saldo: 600.00) | Para: 4 (novo saldo: 1400.00) | Valor: 100.00
[TRANSFER_SUCCESS] De: 3 | Para: 4 | Valor: 100.00
2026-03-05T08:46:21.157-03:00 DEBUG 16308 --- [pool-3-thread-2] o.h.e.t.internal.TransactionImpl         : committing
Hibernate: 
    update
        beneficio 
    set
        ativo=?,
        descricao=?,
        nome=?,
        valor=?,
        version=? 
    where
        id=? 
        and version=?
Hibernate: 
    update
        beneficio 
    set
        ativo=?,
        descricao=?,
        nome=?,
        valor=?,
        version=? 
    where
        id=? 
        and version=?
Hibernate: 
    select
        b1_0.id,
        b1_0.ativo,
        b1_0.descricao,
        b1_0.nome,
        b1_0.valor,
        b1_0.version 
    from
        beneficio b1_0 
    where
        b1_0.id=? for update
[TRANSFER_SUCCESS] De: 3 (novo saldo: 500.00) | Para: 4 (novo saldo: 1500.00) | Valor: 100.00
[TRANSFER_SUCCESS] De: 3 | Para: 4 | Valor: 100.00
2026-03-05T08:46:21.163-03:00 DEBUG 16308 --- [ool-3-thread-10] o.h.e.t.internal.TransactionImpl         : committing
Hibernate: 
    update
        beneficio 
    set
        ativo=?,
        descricao=?,
        nome=?,
        valor=?,
        version=? 
    where
        id=? 
        and version=?
Hibernate: 
    update
        beneficio 
    set
        ativo=?,
        descricao=?,
        nome=?,
        valor=?,
        version=? 
    where
        id=? 
        and version=?
Hibernate: 
    select
        b1_0.id,
        b1_0.ativo,
        b1_0.descricao,
        b1_0.nome,
        b1_0.valor,
        b1_0.version 
    from
        beneficio b1_0 
    where
        b1_0.id=? for update
[TRANSFER_SUCCESS] De: 3 (novo saldo: 400.00) | Para: 4 (novo saldo: 1600.00) | Valor: 100.00
[TRANSFER_SUCCESS] De: 3 | Para: 4 | Valor: 100.00
2026-03-05T08:46:21.167-03:00 DEBUG 16308 --- [pool-3-thread-4] o.h.e.t.internal.TransactionImpl         : committing
Hibernate: 
    update
        beneficio 
    set
        ativo=?,
        descricao=?,
        nome=?,
        valor=?,
        version=? 
    where
        id=? 
        and version=?
Hibernate: 
    update
        beneficio 
    set
        ativo=?,
        descricao=?,
        nome=?,
        valor=?,
        version=? 
    where
        id=? 
        and version=?
Hibernate: 
    select
        b1_0.id,
        b1_0.ativo,
        b1_0.descricao,
        b1_0.nome,
        b1_0.valor,
        b1_0.version 
    from
        beneficio b1_0 
    where
        b1_0.id=? for update
[TRANSFER_SUCCESS] De: 3 (novo saldo: 300.00) | Para: 4 (novo saldo: 1700.00) | Valor: 100.00
[TRANSFER_SUCCESS] De: 3 | Para: 4 | Valor: 100.00
2026-03-05T08:46:21.171-03:00 DEBUG 16308 --- [pool-3-thread-7] o.h.e.t.internal.TransactionImpl         : committing
Hibernate: 
    update
        beneficio 
    set
        ativo=?,
        descricao=?,
        nome=?,
        valor=?,
        version=? 
    where
        id=? 
        and version=?
Hibernate: 
    update
        beneficio 
    set
        ativo=?,
        descricao=?,
        nome=?,
        valor=?,
        version=? 
    where
        id=? 
        and version=?
Hibernate: 
    select
        b1_0.id,
        b1_0.ativo,
        b1_0.descricao,
        b1_0.nome,
        b1_0.valor,
        b1_0.version 
    from
        beneficio b1_0 
    where
        b1_0.id=? for update
[TRANSFER_SUCCESS] De: 3 (novo saldo: 200.00) | Para: 4 (novo saldo: 1800.00) | Valor: 100.00
[TRANSFER_SUCCESS] De: 3 | Para: 4 | Valor: 100.00
2026-03-05T08:46:21.177-03:00 DEBUG 16308 --- [pool-3-thread-3] o.h.e.t.internal.TransactionImpl         : committing
Hibernate: 
    update
        beneficio 
    set
        ativo=?,
        descricao=?,
        nome=?,
        valor=?,
        version=? 
    where
        id=? 
        and version=?
Hibernate: 
    update
        beneficio 
    set
        ativo=?,
        descricao=?,
        nome=?,
        valor=?,
        version=? 
    where
        id=? 
        and version=?
Hibernate: 
    select
        b1_0.id,
        b1_0.ativo,
        b1_0.descricao,
        b1_0.nome,
        b1_0.valor,
        b1_0.version 
    from
        beneficio b1_0 
    where
        b1_0.id=? for update
[TRANSFER_SUCCESS] De: 3 (novo saldo: 100.00) | Para: 4 (novo saldo: 1900.00) | Valor: 100.00
[TRANSFER_SUCCESS] De: 3 | Para: 4 | Valor: 100.00
2026-03-05T08:46:21.181-03:00 DEBUG 16308 --- [pool-3-thread-6] o.h.e.t.internal.TransactionImpl         : committing
Hibernate: 
    update
        beneficio 
    set
        ativo=?,
        descricao=?,
        nome=?,
        valor=?,
        version=? 
    where
        id=? 
        and version=?
Hibernate: 
    update
        beneficio 
    set
        ativo=?,
        descricao=?,
        nome=?,
        valor=?,
        version=? 
    where
        id=? 
        and version=?
Hibernate: 
    select
        b1_0.id,
        b1_0.ativo,
        b1_0.descricao,
        b1_0.nome,
        b1_0.valor,
        b1_0.version 
    from
        beneficio b1_0 
    where
        b1_0.id=? for update
[TRANSFER_SUCCESS] De: 3 (novo saldo: 0.00) | Para: 4 (novo saldo: 2000.00) | Valor: 100.00
[TRANSFER_SUCCESS] De: 3 | Para: 4 | Valor: 100.00
2026-03-05T08:46:21.185-03:00 DEBUG 16308 --- [pool-3-thread-8] o.h.e.t.internal.TransactionImpl         : committing
Hibernate: 
    update
        beneficio 
    set
        ativo=?,
        descricao=?,
        nome=?,
        valor=?,
        version=? 
    where
        id=? 
        and version=?
Hibernate: 
    update
        beneficio 
    set
        ativo=?,
        descricao=?,
        nome=?,
        valor=?,
        version=? 
    where
        id=? 
        and version=?
2026-03-05T08:46:21.187-03:00 DEBUG 16308 --- [           main] o.h.e.t.internal.TransactionImpl         : On TransactionImpl creation, JpaCompliance#isJpaTransactionComplianceEnabled == false
2026-03-05T08:46:21.187-03:00 DEBUG 16308 --- [           main] o.h.e.t.internal.TransactionImpl         : begin
Hibernate: 
    select
        b1_0.id,
        b1_0.ativo,
        b1_0.descricao,
        b1_0.nome,
        b1_0.valor,
        b1_0.version 
    from
        beneficio b1_0 
    where
        b1_0.id=?
2026-03-05T08:46:21.189-03:00 DEBUG 16308 --- [           main] o.h.e.t.internal.TransactionImpl         : committing
2026-03-05T08:46:21.190-03:00 DEBUG 16308 --- [           main] o.h.e.t.internal.TransactionImpl         : On TransactionImpl creation, JpaCompliance#isJpaTransactionComplianceEnabled == false
2026-03-05T08:46:21.190-03:00 DEBUG 16308 --- [           main] o.h.e.t.internal.TransactionImpl         : begin
Hibernate: 
    select
        b1_0.id,
        b1_0.ativo,
        b1_0.descricao,
        b1_0.nome,
        b1_0.valor,
        b1_0.version 
    from
        beneficio b1_0 
    where
        b1_0.id=?
2026-03-05T08:46:21.191-03:00 DEBUG 16308 --- [           main] o.h.e.t.internal.TransactionImpl         : committing
Sucessos: 10
Falhas:   0
Saldo A:  0.00
Saldo B:  2000.00
]]></system-out>
  </testcase>
  <testcase name="deveFalharQuandoSaldoInsuficienteComConcorrencia" classname="com.example.backend.TransferenciaConcorrenteTest" time="0.045">
    <system-out><![CDATA[2026-03-05T08:46:21.263-03:00 DEBUG 16308 --- [           main] o.h.e.t.internal.TransactionImpl         : On TransactionImpl creation, JpaCompliance#isJpaTransactionComplianceEnabled == false
2026-03-05T08:46:21.263-03:00 DEBUG 16308 --- [           main] o.h.e.t.internal.TransactionImpl         : begin
Hibernate: 
    insert 
    into
        beneficio
        (ativo, descricao, nome, valor, version, id) 
    values
        (?, ?, ?, ?, ?, default)
2026-03-05T08:46:21.264-03:00 DEBUG 16308 --- [           main] o.h.e.t.internal.TransactionImpl         : committing
2026-03-05T08:46:21.265-03:00 DEBUG 16308 --- [           main] o.h.e.t.internal.TransactionImpl         : On TransactionImpl creation, JpaCompliance#isJpaTransactionComplianceEnabled == false
2026-03-05T08:46:21.265-03:00 DEBUG 16308 --- [           main] o.h.e.t.internal.TransactionImpl         : begin
Hibernate: 
    insert 
    into
        beneficio
        (ativo, descricao, nome, valor, version, id) 
    values
        (?, ?, ?, ?, ?, default)
2026-03-05T08:46:21.266-03:00 DEBUG 16308 --- [           main] o.h.e.t.internal.TransactionImpl         : committing
2026-03-05T08:46:21.267-03:00 DEBUG 16308 --- [           main] o.h.e.t.internal.TransactionImpl         : On TransactionImpl creation, JpaCompliance#isJpaTransactionComplianceEnabled == false
2026-03-05T08:46:21.267-03:00 DEBUG 16308 --- [           main] o.h.e.t.internal.TransactionImpl         : begin
Hibernate: 
    select
        b1_0.id,
        b1_0.ativo,
        b1_0.descricao,
        b1_0.nome,
        b1_0.valor,
        b1_0.version 
    from
        beneficio b1_0 
    where
        b1_0.id=?
2026-03-05T08:46:21.271-03:00 DEBUG 16308 --- [           main] o.h.e.t.internal.TransactionImpl         : committing
Hibernate: 
    update
        beneficio 
    set
        ativo=?,
        descricao=?,
        nome=?,
        valor=?,
        version=? 
    where
        id=? 
        and version=?
2026-03-05T08:46:21.275-03:00 DEBUG 16308 --- [pool-4-thread-4] o.h.e.t.internal.TransactionImpl         : On TransactionImpl creation, JpaCompliance#isJpaTransactionComplianceEnabled == false
2026-03-05T08:46:21.275-03:00 DEBUG 16308 --- [pool-4-thread-2] o.h.e.t.internal.TransactionImpl         : On TransactionImpl creation, JpaCompliance#isJpaTransactionComplianceEnabled == false
2026-03-05T08:46:21.275-03:00 DEBUG 16308 --- [pool-4-thread-3] o.h.e.t.internal.TransactionImpl         : On TransactionImpl creation, JpaCompliance#isJpaTransactionComplianceEnabled == false
2026-03-05T08:46:21.276-03:00 DEBUG 16308 --- [pool-4-thread-4] o.h.e.t.internal.TransactionImpl         : begin
2026-03-05T08:46:21.275-03:00 DEBUG 16308 --- [pool-4-thread-5] o.h.e.t.internal.TransactionImpl         : On TransactionImpl creation, JpaCompliance#isJpaTransactionComplianceEnabled == false
2026-03-05T08:46:21.276-03:00 DEBUG 16308 --- [pool-4-thread-7] o.h.e.t.internal.TransactionImpl         : On TransactionImpl creation, JpaCompliance#isJpaTransactionComplianceEnabled == false
2026-03-05T08:46:21.275-03:00 DEBUG 16308 --- [pool-4-thread-6] o.h.e.t.internal.TransactionImpl         : On TransactionImpl creation, JpaCompliance#isJpaTransactionComplianceEnabled == false
2026-03-05T08:46:21.276-03:00 DEBUG 16308 --- [pool-4-thread-9] o.h.e.t.internal.TransactionImpl         : On TransactionImpl creation, JpaCompliance#isJpaTransactionComplianceEnabled == false
2026-03-05T08:46:21.276-03:00 DEBUG 16308 --- [pool-4-thread-7] o.h.e.t.internal.TransactionImpl         : begin
2026-03-05T08:46:21.275-03:00 DEBUG 16308 --- [pool-4-thread-1] o.h.e.t.internal.TransactionImpl         : On TransactionImpl creation, JpaCompliance#isJpaTransactionComplianceEnabled == false
2026-03-05T08:46:21.275-03:00 DEBUG 16308 --- [ool-4-thread-10] o.h.e.t.internal.TransactionImpl         : On TransactionImpl creation, JpaCompliance#isJpaTransactionComplianceEnabled == false
2026-03-05T08:46:21.276-03:00 DEBUG 16308 --- [pool-4-thread-2] o.h.e.t.internal.TransactionImpl         : begin
2026-03-05T08:46:21.276-03:00 DEBUG 16308 --- [pool-4-thread-1] o.h.e.t.internal.TransactionImpl         : begin
2026-03-05T08:46:21.276-03:00 DEBUG 16308 --- [ool-4-thread-10] o.h.e.t.internal.TransactionImpl         : begin
2026-03-05T08:46:21.276-03:00 DEBUG 16308 --- [pool-4-thread-3] o.h.e.t.internal.TransactionImpl         : begin
Hibernate: 
    select
        b1_0.id,
        b1_0.ativo,
        b1_0.descricao,
        b1_0.nome,
        b1_0.valor,
        b1_0.version 
    from
        beneficio b1_0 
    where
        b1_0.id=? for update
Hibernate: 
    select
        b1_0.id,
        b1_0.ativo,
        b1_0.descricao,
        b1_0.nome,
        b1_0.valor,
        b1_0.version 
    from
        beneficio b1_0 
    where
        b1_0.id=? for update
Hibernate: 
    select
        b1_0.id,
        b1_0.ativo,
        b1_0.descricao,
        b1_0.nome,
        b1_0.valor,
        b1_0.version 
    from
        beneficio b1_0 
    where
        b1_0.id=? for update
Hibernate: 
    select
        b1_0.id,
        b1_0.ativo,
        b1_0.descricao,
        b1_0.nome,
        b1_0.valor,
        b1_0.version 
    from
        beneficio b1_0 
    where
        b1_0.id=? for update
Hibernate: 
    select
        b1_0.id,
        b1_0.ativo,
        b1_0.descricao,
        b1_0.nome,
        b1_0.valor,
        b1_0.version 
    from
        beneficio b1_0 
    where
        b1_0.id=? for update
Hibernate: 
    select
        b1_0.id,
        b1_0.ativo,
        b1_0.descricao,
        b1_0.nome,
        b1_0.valor,
        b1_0.version 
    from
        beneficio b1_0 
    where
        b1_0.id=? for update
2026-03-05T08:46:21.276-03:00 DEBUG 16308 --- [pool-4-thread-8] o.h.e.t.internal.TransactionImpl         : On TransactionImpl creation, JpaCompliance#isJpaTransactionComplianceEnabled == false
2026-03-05T08:46:21.276-03:00 DEBUG 16308 --- [pool-4-thread-5] o.h.e.t.internal.TransactionImpl         : begin
2026-03-05T08:46:21.276-03:00 DEBUG 16308 --- [pool-4-thread-6] o.h.e.t.internal.TransactionImpl         : begin
2026-03-05T08:46:21.276-03:00 DEBUG 16308 --- [pool-4-thread-9] o.h.e.t.internal.TransactionImpl         : begin
2026-03-05T08:46:21.277-03:00 DEBUG 16308 --- [pool-4-thread-8] o.h.e.t.internal.TransactionImpl         : begin
Hibernate: 
    select
        b1_0.id,
        b1_0.ativo,
        b1_0.descricao,
        b1_0.nome,
        b1_0.valor,
        b1_0.version 
    from
        beneficio b1_0 
    where
        b1_0.id=? for update
Hibernate: 
    select
        b1_0.id,
        b1_0.ativo,
        b1_0.descricao,
        b1_0.nome,
        b1_0.valor,
        b1_0.version 
    from
        beneficio b1_0 
    where
        b1_0.id=? for update
Hibernate: 
    select
        b1_0.id,
        b1_0.ativo,
        b1_0.descricao,
        b1_0.nome,
        b1_0.valor,
        b1_0.version 
    from
        beneficio b1_0 
    where
        b1_0.id=? for update
Hibernate: 
    select
        b1_0.id,
        b1_0.ativo,
        b1_0.descricao,
        b1_0.nome,
        b1_0.valor,
        b1_0.version 
    from
        beneficio b1_0 
    where
        b1_0.id=? for update
Hibernate: 
    select
        b1_0.id,
        b1_0.ativo,
        b1_0.descricao,
        b1_0.nome,
        b1_0.valor,
        b1_0.version 
    from
        beneficio b1_0 
    where
        b1_0.id=? for update
[TRANSFER_SUCCESS] De: 5 (novo saldo: 50.00) | Para: 6 (novo saldo: 1100.00) | Valor: 100.00
[TRANSFER_SUCCESS] De: 5 | Para: 6 | Valor: 100.00
2026-03-05T08:46:21.278-03:00 DEBUG 16308 --- [pool-4-thread-4] o.h.e.t.internal.TransactionImpl         : committing
Hibernate: 
    update
        beneficio 
    set
        ativo=?,
        descricao=?,
        nome=?,
        valor=?,
        version=? 
    where
        id=? 
        and version=?
Hibernate: 
    update
        beneficio 
    set
        ativo=?,
        descricao=?,
        nome=?,
        valor=?,
        version=? 
    where
        id=? 
        and version=?
Hibernate: 
    select
        b1_0.id,
        b1_0.ativo,
        b1_0.descricao,
        b1_0.nome,
        b1_0.valor,
        b1_0.version 
    from
        beneficio b1_0 
    where
        b1_0.id=? for update
2026-03-05T08:46:21.282-03:00 DEBUG 16308 --- [pool-4-thread-7] o.h.e.t.internal.TransactionImpl         : rolling back
Hibernate: 
    select
        b1_0.id,
        b1_0.ativo,
        b1_0.descricao,
        b1_0.nome,
        b1_0.valor,
        b1_0.version 
    from
        beneficio b1_0 
    where
        b1_0.id=? for update
2026-03-05T08:46:21.285-03:00 DEBUG 16308 --- [pool-4-thread-9] o.h.e.t.internal.TransactionImpl         : rolling back
Hibernate: 
    select
        b1_0.id,
        b1_0.ativo,
        b1_0.descricao,
        b1_0.nome,
        b1_0.valor,
        b1_0.version 
    from
        beneficio b1_0 
    where
        b1_0.id=? for update
2026-03-05T08:46:21.287-03:00 DEBUG 16308 --- [ool-4-thread-10] o.h.e.t.internal.TransactionImpl         : rolling back
Hibernate: 
    select
        b1_0.id,
        b1_0.ativo,
        b1_0.descricao,
        b1_0.nome,
        b1_0.valor,
        b1_0.version 
    from
        beneficio b1_0 
    where
        b1_0.id=? for update
2026-03-05T08:46:21.289-03:00 DEBUG 16308 --- [pool-4-thread-6] o.h.e.t.internal.TransactionImpl         : rolling back
Hibernate: 
    select
        b1_0.id,
        b1_0.ativo,
        b1_0.descricao,
        b1_0.nome,
        b1_0.valor,
        b1_0.version 
    from
        beneficio b1_0 
    where
        b1_0.id=? for update
2026-03-05T08:46:21.291-03:00 DEBUG 16308 --- [pool-4-thread-3] o.h.e.t.internal.TransactionImpl         : rolling back
Hibernate: 
    select
        b1_0.id,
        b1_0.ativo,
        b1_0.descricao,
        b1_0.nome,
        b1_0.valor,
        b1_0.version 
    from
        beneficio b1_0 
    where
        b1_0.id=? for update
2026-03-05T08:46:21.293-03:00 DEBUG 16308 --- [pool-4-thread-2] o.h.e.t.internal.TransactionImpl         : rolling back
Hibernate: 
    select
        b1_0.id,
        b1_0.ativo,
        b1_0.descricao,
        b1_0.nome,
        b1_0.valor,
        b1_0.version 
    from
        beneficio b1_0 
    where
        b1_0.id=? for update
2026-03-05T08:46:21.295-03:00 DEBUG 16308 --- [pool-4-thread-8] o.h.e.t.internal.TransactionImpl         : rolling back
Hibernate: 
    select
        b1_0.id,
        b1_0.ativo,
        b1_0.descricao,
        b1_0.nome,
        b1_0.valor,
        b1_0.version 
    from
        beneficio b1_0 
    where
        b1_0.id=? for update
2026-03-05T08:46:21.296-03:00 DEBUG 16308 --- [pool-4-thread-5] o.h.e.t.internal.TransactionImpl         : rolling back
Hibernate: 
    select
        b1_0.id,
        b1_0.ativo,
        b1_0.descricao,
        b1_0.nome,
        b1_0.valor,
        b1_0.version 
    from
        beneficio b1_0 
    where
        b1_0.id=? for update
2026-03-05T08:46:21.298-03:00 DEBUG 16308 --- [pool-4-thread-1] o.h.e.t.internal.TransactionImpl         : rolling back
2026-03-05T08:46:21.298-03:00 DEBUG 16308 --- [           main] o.h.e.t.internal.TransactionImpl         : On TransactionImpl creation, JpaCompliance#isJpaTransactionComplianceEnabled == false
2026-03-05T08:46:21.298-03:00 DEBUG 16308 --- [           main] o.h.e.t.internal.TransactionImpl         : begin
Hibernate: 
    select
        b1_0.id,
        b1_0.ativo,
        b1_0.descricao,
        b1_0.nome,
        b1_0.valor,
        b1_0.version 
    from
        beneficio b1_0 
    where
        b1_0.id=?
2026-03-05T08:46:21.299-03:00 DEBUG 16308 --- [           main] o.h.e.t.internal.TransactionImpl         : committing
2026-03-05T08:46:21.299-03:00 DEBUG 16308 --- [           main] o.h.e.t.internal.TransactionImpl         : On TransactionImpl creation, JpaCompliance#isJpaTransactionComplianceEnabled == false
2026-03-05T08:46:21.300-03:00 DEBUG 16308 --- [           main] o.h.e.t.internal.TransactionImpl         : begin
Hibernate: 
    select
        b1_0.id,
        b1_0.ativo,
        b1_0.descricao,
        b1_0.nome,
        b1_0.valor,
        b1_0.version 
    from
        beneficio b1_0 
    where
        b1_0.id=?
2026-03-05T08:46:21.300-03:00 DEBUG 16308 --- [           main] o.h.e.t.internal.TransactionImpl         : committing
Sucessos: 1
Saldo A:  50.00
Saldo B:  1100.00
]]></system-out>
  </testcase>
</testsuite>